# Logfile created on 2019-09-22 23:35:11 +0530 by logger.rb/53141
I, [2019-09-22T23:35:11.632506 #25874]  INFO -- : ==========
I, [2019-09-22T23:35:11.632508 #25871]  INFO -- : ==========
I, [2019-09-22T23:35:11.632633 #25874]  INFO -- : Start running scenario: Able to get random beer
I, [2019-09-22T23:35:11.632673 #25874]  INFO -- : 20190922-233511
I, [2019-09-22T23:35:11.632698 #25871]  INFO -- : Start running scenario: Able to retrieve beers matching with beer_name
I, [2019-09-22T23:35:11.632742 #25871]  INFO -- : 20190922-233511
I, [2019-09-22T23:35:11.633649 #25872]  INFO -- : ==========
I, [2019-09-22T23:35:11.633736 #25872]  INFO -- : Start running scenario: Able to get single beer
I, [2019-09-22T23:35:11.633771 #25872]  INFO -- : 20190922-233511
I, [2019-09-22T23:35:13.633257 #25874]  INFO -- : Page Object Name: PunkApiRequestClient
I, [2019-09-22T23:35:13.634263 #25872]  INFO -- : Page Object Name: PunkApiRequestClient
I, [2019-09-22T23:35:13.635372 #25874]  INFO -- : Path is /beers/random
I, [2019-09-22T23:35:13.635441 #25874]  INFO -- : URL Path is https://api.punkapi.com/v2
I, [2019-09-22T23:35:13.635528 #25874]  INFO -- : Requested URL is : https://api.punkapi.com/v2/beers/random
I, [2019-09-22T23:35:13.636608 #25872]  INFO -- : Path is /beers/1
I, [2019-09-22T23:35:13.636672 #25872]  INFO -- : URL Path is https://api.punkapi.com/v2
I, [2019-09-22T23:35:13.636752 #25872]  INFO -- : Requested URL is : https://api.punkapi.com/v2/beers/1
I, [2019-09-22T23:35:14.139397 #25872]  INFO -- : I FOUND THE RESPONSE CODE TO BE 200
I, [2019-09-22T23:35:14.148369 #25872]  INFO -- : I FOUND THE RESPONSE CODE TO BE 200
I, [2019-09-22T23:35:14.148462 #25872]  INFO -- : Response code : 200
I, [2019-09-22T23:35:14.149961 #25872]  INFO -- : Finished running scenario: Able to get single beer
I, [2019-09-22T23:35:14.150033 #25872]  INFO -- : ==========
I, [2019-09-22T23:35:14.409224 #25874]  INFO -- : I FOUND THE RESPONSE CODE TO BE 200
I, [2019-09-22T23:35:14.412034 #25874]  INFO -- : I FOUND THE RESPONSE CODE TO BE 200
I, [2019-09-22T23:35:14.412082 #25874]  INFO -- : Response code : 200
I, [2019-09-22T23:35:14.412755 #25874]  INFO -- : Path is /beers/random
I, [2019-09-22T23:35:14.412793 #25874]  INFO -- : URL Path is https://api.punkapi.com/v2
I, [2019-09-22T23:35:14.412836 #25874]  INFO -- : Requested URL is : https://api.punkapi.com/v2/beers/random
I, [2019-09-22T23:35:15.097536 #25874]  INFO -- : I FOUND THE RESPONSE CODE TO BE 200
I, [2019-09-22T23:35:15.098390 #25874]  INFO -- : I FOUND THE RESPONSE CODE TO BE 200
I, [2019-09-22T23:35:15.098438 #25874]  INFO -- : Response code : 200
I, [2019-09-22T23:35:15.099850 #25874]  INFO -- : Finished running scenario: Able to get random beer
I, [2019-09-22T23:35:15.099898 #25874]  INFO -- : ==========
I, [2019-09-22T23:35:15.635046 #25871]  INFO -- : Page Object Name: PunkApiRequestClient
I, [2019-09-22T23:35:15.637344 #25871]  INFO -- : Path is /beers
I, [2019-09-22T23:35:15.637411 #25871]  INFO -- : URL Path is https://api.punkapi.com/v2
I, [2019-09-22T23:35:15.637489 #25871]  INFO -- : Requested URL is : https://api.punkapi.com/v2/beers?beer_name=Barrel_Aged_Hinterland
I, [2019-09-22T23:35:16.698424 #25871]  INFO -- : I FOUND THE RESPONSE CODE TO BE 200
I, [2019-09-22T23:35:16.701521 #25871]  INFO -- : I FOUND THE RESPONSE CODE TO BE 200
I, [2019-09-22T23:35:16.701581 #25871]  INFO -- : Response code : 200
I, [2019-09-22T23:35:16.701839 #25871]  INFO -- : Barrel Aged Hinterland is in match with Barrel Aged Hinterland
I, [2019-09-22T23:35:16.702761 #25871]  INFO -- : Finished running scenario: Able to retrieve beers matching with beer_name
I, [2019-09-22T23:35:16.702806 #25871]  INFO -- : ==========
I, [2019-09-22T23:35:16.704916 #25871]  INFO -- : ==========
I, [2019-09-22T23:35:16.704967 #25871]  INFO -- : Start running scenario: Able to Access Punk API
I, [2019-09-22T23:35:16.705002 #25871]  INFO -- : 20190922-233516
I, [2019-09-22T23:35:20.705482 #25871]  INFO -- : Page Object Name: PunkApiRequestClient
I, [2019-09-22T23:35:20.706893 #25871]  INFO -- : Path is /beers
I, [2019-09-22T23:35:20.706945 #25871]  INFO -- : URL Path is https://api.punkapi.com/v2
I, [2019-09-22T23:35:20.707036 #25871]  INFO -- : Requested URL is : https://api.punkapi.com/v2/beers
I, [2019-09-22T23:35:21.211865 #25871]  INFO -- : I FOUND THE RESPONSE CODE TO BE 200
I, [2019-09-22T23:35:21.212952 #25871]  INFO -- : I FOUND THE RESPONSE CODE TO BE 200
I, [2019-09-22T23:35:21.213000 #25871]  INFO -- : Response code : 200
I, [2019-09-22T23:35:21.220600 #25871]  INFO -- : Finished running scenario: Able to Access Punk API
I, [2019-09-22T23:35:21.220670 #25871]  INFO -- : ==========
